2021-09-30 11:43:14,385 INFO a.Context [main] Resolving statement: xml/SOURCE_NewSrc2.Caswil.ST.Xml
2021-09-30 11:43:14,387 INFO a.Context [main] With parameters: 
2021-09-30 11:43:14,387 INFO a.Context [main] [root] C:\Users\elague\Desktop\DevProjects\Data\test_repo_NLSB

2021-09-30 11:43:14,728 ERROR f.AbstractFileReader [ForkJoinPool.commonPool-worker-5] C:\Users\elague\Desktop\DevProjects\Data\test_repo_NLSBdata\data_sprint_6.csv (The system cannot find the path specified)
2021-09-30 11:46:01,497 INFO a.Context [main] Resolving statement: xml/SOURCE_NewSrc2.Caswil.ST.Xml
2021-09-30 11:46:01,497 INFO a.Context [main] With parameters: 
2021-09-30 11:46:01,497 INFO a.Context [main] [root] C:\Users\elague\Desktop\DevProjects\Data\test_repo_NLSB

2021-09-30 11:46:01,718 ERROR f.AbstractFileReader [ForkJoinPool.commonPool-worker-5] C:\Users\elague\Desktop\DevProjects\Data\test_repo_NLSBdata\data_sprint_6.csv (The system cannot find the path specified)
2021-09-30 11:48:17,089 INFO a.Context [main] Resolving statement: xml/SOURCE_NewSrc2.Caswil.ST.Xml
2021-09-30 11:48:17,089 INFO a.Context [main] With parameters: 
2021-09-30 11:48:17,089 INFO a.Context [main] [root] C:\Users\elague\Desktop\DevProjects\Data\test_repo_NLSB

2021-09-30 11:48:17,321 ERROR f.AbstractFileReader [ForkJoinPool.commonPool-worker-5] C:\Users\elague\Desktop\DevProjects\Data\test_repo_NLSBdata\data_sprint_6.csv (The system cannot find the path specified)
2021-09-30 11:48:37,540 INFO a.Context [main] Resolving statement: xml/SOURCE_NewSrc2.Caswil.ST.Xml
2021-09-30 11:48:37,556 INFO a.Context [main] With parameters: 
2021-09-30 11:48:37,556 INFO a.Context [main] [root] C:\Users\elague\Desktop\DevProjects\Data\test_repo_NLSB

2021-09-30 11:48:37,775 ERROR f.AbstractFileReader [ForkJoinPool.commonPool-worker-5] C:\Users\elague\Desktop\DevProjects\Data\test_repo_NLSBdata\data_sprint_6.csv (The system cannot find the path specified)
2021-09-30 12:02:56,774 INFO a.Context [main] Resolving statement: xml/SOURCE_NewSrc2.Caswil.ST.Xml
2021-09-30 12:02:56,774 INFO a.Context [main] With parameters: 
2021-09-30 12:02:56,774 INFO a.Context [main] [root] C:\Users\elague\Desktop\DevProjects\Data\test_repo_NLSB

2021-09-30 12:02:57,008 ERROR f.AbstractFileReader [ForkJoinPool.commonPool-worker-5] C:\Users\elague\Desktop\DevProjects\Data\test_repo_NLSBdata\data_sprint_6.csv (The system cannot find the path specified)
2021-09-30 12:05:31,683 INFO a.Context [main] Resolving statement: xml/SOURCE_NewSrc2.Caswil.ST.Xml
2021-09-30 12:05:31,683 INFO a.Context [main] With parameters: 
2021-09-30 12:05:31,683 INFO a.Context [main] [root] C:\Users\elague\Desktop\DevProjects\Data\test_repo_NLSB

2021-09-30 12:05:31,914 ERROR f.AbstractFileReader [ForkJoinPool.commonPool-worker-5] C:\Users\elague\Desktop\DevProjects\Data\test_repo_NLSBdata\data_sprint_6.csv (The system cannot find the path specified)
2021-09-30 12:08:10,724 INFO a.Context [main] Resolving statement: xml/SOURCE_NewSrc2.Caswil.ST.Xml
2021-09-30 12:08:10,724 INFO a.Context [main] With parameters: 
2021-09-30 12:08:10,724 INFO a.Context [main] [root] C:\Users\elague\Desktop\DevProjects\Data\test_repo_NLSB\

2021-09-30 12:10:20,303 INFO a.Context [main] Resolving statement: xml/SOURCE_NewSrc2.Caswil.ST.Xml
2021-09-30 12:10:20,303 INFO a.Context [main] With parameters: 
2021-09-30 12:10:20,303 INFO a.Context [main] [root] C:\Users\elague\Desktop\DevProjects\Data\test_repo_NLSB\

2021-09-30 12:10:43,914 INFO a.Context [main] Resolving statement: xml/test_emeric.Caswil.ST.Xml
2021-09-30 12:10:43,914 INFO a.Context [main] With parameters: 
2021-09-30 12:10:43,914 INFO a.Context [main] [root] C:\Users\elague\Desktop\DevProjects\Data\test_repo_NLSB\

2021-09-30 12:14:50,544 INFO a.Context [main] Resolving statement: xml/test_emeric.Caswil.ST.Xml
2021-09-30 12:14:50,544 INFO a.Context [main] With parameters: 
2021-09-30 12:14:50,544 INFO a.Context [main] [root] C:\Users\elague\Desktop\DevProjects\Data\test_repo_NLSB\

2021-10-04 09:46:07,807 INFO a.Context [main] Resolving statement: xml/SOURCE_data_sprint_6.Caswil.ST.Xml
2021-10-04 09:46:07,809 INFO a.Context [main] With parameters: 
2021-10-04 09:46:07,809 INFO a.Context [main] [root] C:\Users\elague\Desktop\DevProjects\Data\test_repo_NLSB

2021-10-04 09:46:08,866 INFO a.Context [main] Resolving statement: xml/SOURCE_data_sprint_6_2.Caswil.ST.Xml
2021-10-04 09:46:08,867 INFO a.Context [main] With parameters: 
2021-10-04 09:46:08,868 INFO a.Context [main] [root] C:\Users\elague\Desktop\DevProjects\Data\test_repo_NLSB

2021-10-04 09:46:09,746 INFO a.Context [main] Resolving statement: xml/output_2021-10-04T09-46-09.Caswil.ST.Xml
2021-10-04 09:46:09,749 INFO a.Context [main] With parameters: 
2021-10-04 09:46:09,749 INFO a.Context [main] [root] C:\Users\elague\Desktop\DevProjects\Data\test_repo_NLSB

2021-10-04 09:46:10,617 INFO a.Context [main] Resolving statement: xml/NoGroupBy_output_2021-10-04T09-46-09.Caswil.ST.Xml
2021-10-04 09:46:10,619 INFO a.Context [main] With parameters: 
2021-10-04 09:46:10,619 INFO a.Context [main] [root] C:\Users\elague\Desktop\DevProjects\Data\test_repo_NLSB

2021-10-04 09:47:00,270 INFO a.Context [main] Resolving statement: xml/SOURCE_data_sprint_6.Caswil.ST.Xml
2021-10-04 09:47:00,271 INFO a.Context [main] With parameters: 
2021-10-04 09:47:00,272 INFO a.Context [main] [root] C:\Users\elague\Desktop\DevProjects\Data\test_repo_NLSB

2021-10-04 09:47:01,148 INFO a.Context [main] Resolving statement: xml/SOURCE_data_sprint_6_2.Caswil.ST.Xml
2021-10-04 09:47:01,150 INFO a.Context [main] With parameters: 
2021-10-04 09:47:01,150 INFO a.Context [main] [root] C:\Users\elague\Desktop\DevProjects\Data\test_repo_NLSB

2021-10-04 09:47:01,962 INFO a.Context [main] Resolving statement: xml/output_2021-10-04T09-47-01.Caswil.ST.Xml
2021-10-04 09:47:01,964 INFO a.Context [main] With parameters: 
2021-10-04 09:47:01,964 INFO a.Context [main] [root] C:\Users\elague\Desktop\DevProjects\Data\test_repo_NLSB

2021-10-04 09:47:02,926 INFO a.Context [main] Resolving statement: xml/NoGroupBy_output_2021-10-04T09-47-01.Caswil.ST.Xml
2021-10-04 09:47:02,927 INFO a.Context [main] With parameters: 
2021-10-04 09:47:02,928 INFO a.Context [main] [root] C:\Users\elague\Desktop\DevProjects\Data\test_repo_NLSB

2021-10-06 09:25:14,030 INFO a.Context [main] Resolving statement: xml/SOURCE_data_sprint_6.Caswil.ST.Xml
2021-10-06 09:25:14,033 INFO a.Context [main] With parameters: 
2021-10-06 09:25:14,033 INFO a.Context [main] [root] C:\Users\elague\Desktop\DevProjects\Data\test_repo_NLSB

2021-10-06 09:25:14,969 INFO a.Context [main] Resolving statement: xml/SOURCE_data_sprint_6_2.Caswil.ST.Xml
2021-10-06 09:25:14,971 INFO a.Context [main] With parameters: 
2021-10-06 09:25:14,971 INFO a.Context [main] [root] C:\Users\elague\Desktop\DevProjects\Data\test_repo_NLSB

2021-10-06 09:25:15,865 INFO a.Context [main] Resolving statement: xml/output_2021-10-06T09-25-15.Caswil.ST.Xml
2021-10-06 09:25:15,867 INFO a.Context [main] With parameters: 
2021-10-06 09:25:15,867 INFO a.Context [main] [root] C:\Users\elague\Desktop\DevProjects\Data\test_repo_NLSB

2021-10-06 09:25:16,737 INFO a.Context [main] Resolving statement: xml/NoGroupBy_output_2021-10-06T09-25-15.Caswil.ST.Xml
2021-10-06 09:25:16,739 INFO a.Context [main] With parameters: 
2021-10-06 09:25:16,740 INFO a.Context [main] [root] C:\Users\elague\Desktop\DevProjects\Data\test_repo_NLSB

2021-10-06 16:45:28,457 INFO a.Context [main] Resolving statement: xml/SOURCE_data_sprint_6.Caswil.ST.Xml
2021-10-06 16:45:28,459 INFO a.Context [main] With parameters: 
2021-10-06 16:45:28,459 INFO a.Context [main] [root] C:\Users\elague\Desktop\DevProjects\Data\test_repo_NLSB

2021-10-06 16:45:29,301 INFO a.Context [main] Resolving statement: xml/SOURCE_data_sprint_6_2.Caswil.ST.Xml
2021-10-06 16:45:29,303 INFO a.Context [main] With parameters: 
2021-10-06 16:45:29,303 INFO a.Context [main] [root] C:\Users\elague\Desktop\DevProjects\Data\test_repo_NLSB

2021-10-06 16:45:30,160 INFO a.Context [main] Resolving statement: xml/output_2021-10-06T16-45-29.Caswil.ST.Xml
2021-10-06 16:45:30,162 INFO a.Context [main] With parameters: 
2021-10-06 16:45:30,163 INFO a.Context [main] [root] C:\Users\elague\Desktop\DevProjects\Data\test_repo_NLSB

2021-10-06 16:45:30,994 INFO a.Context [main] Resolving statement: xml/NoGroupBy_output_2021-10-06T16-45-29.Caswil.ST.Xml
2021-10-06 16:45:30,995 INFO a.Context [main] With parameters: 
2021-10-06 16:45:30,996 INFO a.Context [main] [root] C:\Users\elague\Desktop\DevProjects\Data\test_repo_NLSB

2021-11-04 09:27:17,757 INFO a.Context [main] Resolving statement: xml/SOURCE_NewSrc2.Caswil.ST.Xml
2021-11-04 09:27:17,759 INFO a.Context [main] With parameters: 
2021-11-04 09:27:17,759 INFO a.Context [main] [root] C:\Users\elague\Desktop\DevProjects\Data\test_repo_NLSB

2021-11-04 09:27:18,084 ERROR f.AbstractFileReader [ForkJoinPool.commonPool-worker-7] C:\Users\elague\Desktop\DevProjects\Data\test_repo_NLSBdata\data_sprint_6_2.csv (The system cannot find the path specified)
2021-11-04 09:27:18,084 ERROR f.AbstractFileReader [ForkJoinPool.commonPool-worker-5] C:\Users\elague\Desktop\DevProjects\Data\test_repo_NLSBdata\data_sprint_6.csv (The system cannot find the path specified)
2021-11-04 09:27:18,617 INFO a.Context [main] Resolving statement: xml/output_2021-11-04T09-27-18.Caswil.ST.Xml
2021-11-04 09:27:18,619 INFO a.Context [main] With parameters: 
2021-11-04 09:27:18,619 INFO a.Context [main] [root] C:\Users\elague\Desktop\DevProjects\Data\test_repo_NLSB

2021-11-04 09:27:18,827 ERROR f.AbstractFileReader [ForkJoinPool.commonPool-worker-5] C:\Users\elague\Desktop\DevProjects\Data\test_repo_NLSBdata\data_sprint_6.csv (The system cannot find the path specified)
2021-11-04 09:27:18,827 ERROR f.AbstractFileReader [ForkJoinPool.commonPool-worker-7] C:\Users\elague\Desktop\DevProjects\Data\test_repo_NLSBdata\data_sprint_6_2.csv (The system cannot find the path specified)
2021-11-04 09:27:19,346 INFO a.Context [main] Resolving statement: xml/NoGroupBy_output_2021-11-04T09-27-18.Caswil.ST.Xml
2021-11-04 09:27:19,348 INFO a.Context [main] With parameters: 
2021-11-04 09:27:19,348 INFO a.Context [main] [root] C:\Users\elague\Desktop\DevProjects\Data\test_repo_NLSB

2021-11-04 09:27:19,558 ERROR f.AbstractFileReader [ForkJoinPool.commonPool-worker-7] C:\Users\elague\Desktop\DevProjects\Data\test_repo_NLSBdata\data_sprint_6_2.csv (The system cannot find the path specified)
2021-11-04 09:27:19,558 ERROR f.AbstractFileReader [ForkJoinPool.commonPool-worker-5] C:\Users\elague\Desktop\DevProjects\Data\test_repo_NLSBdata\data_sprint_6.csv (The system cannot find the path specified)
